<?xml version="1.0" encoding="UTF-8"?>
<robot generator="Robot 7.2.2 (Python 3.13.2 on win32)" generated="2025-04-08T12:19:57.196668" rpa="false" schemaversion="5">
<suite id="s1" name="Purchase Test" source="c:\Users\IB\Desktop\dev\automatisation\robot pom project\tests\purchase_test.robot">
<test id="s1-t1" name="Purchase Product" line="23">
<kw name="Setup Browser" owner="hooks" type="SETUP">
<kw name="Open Browser" owner="SeleniumLibrary">
<msg time="2025-04-08T12:19:57.391206" level="INFO">Opening browser 'chrome' to base url 'https://www.saucedemo.com'.</msg>
<arg>${url}</arg>
<arg>${browser}</arg>
<doc>Opens a new browser instance to the optional ``url``.</doc>
<status status="PASS" start="2025-04-08T12:19:57.390871" elapsed="1.352293"/>
</kw>
<kw name="Maximize Browser Window" owner="SeleniumLibrary">
<doc>Maximizes current browser window.</doc>
<status status="PASS" start="2025-04-08T12:19:58.743487" elapsed="0.030767"/>
</kw>
<arg>https://www.saucedemo.com</arg>
<arg>chrome</arg>
<status status="PASS" start="2025-04-08T12:19:57.390044" elapsed="1.384422"/>
</kw>
<kw name="Connect" owner="login_page">
<kw name="Input Text Username Field" owner="login_page">
<kw name="Input Text" owner="SeleniumLibrary">
<msg time="2025-04-08T12:19:58.775830" level="INFO">Typing text 'standard_user' into text field 'name=user-name'.</msg>
<arg>${USERNAME_FIELD}</arg>
<arg>${username}</arg>
<doc>Types the given ``text`` into the text field identified by ``locator``.</doc>
<status status="PASS" start="2025-04-08T12:19:58.775487" elapsed="0.074414"/>
</kw>
<arg>standard_user</arg>
<status status="PASS" start="2025-04-08T12:19:58.775257" elapsed="0.074857"/>
</kw>
<kw name="Input Text Password Field" owner="login_page">
<kw name="Input Text" owner="SeleniumLibrary">
<msg time="2025-04-08T12:19:58.850815" level="INFO">Typing text 'secret_sauce' into text field 'name=password'.</msg>
<arg>${PASSWORD_FIELD}</arg>
<arg>${password}</arg>
<doc>Types the given ``text`` into the text field identified by ``locator``.</doc>
<status status="PASS" start="2025-04-08T12:19:58.850593" elapsed="0.049526"/>
</kw>
<arg>secret_sauce</arg>
<status status="PASS" start="2025-04-08T12:19:58.850297" elapsed="0.050027"/>
</kw>
<kw name="Click Login Button" owner="login_page">
<kw name="Click Button" owner="SeleniumLibrary">
<msg time="2025-04-08T12:19:58.901085" level="INFO">Clicking button 'name=login-button'.</msg>
<arg>${LOGIN_BUTTON}</arg>
<doc>Clicks the button identified by ``locator``.</doc>
<status status="PASS" start="2025-04-08T12:19:58.900819" elapsed="0.069563"/>
</kw>
<status status="PASS" start="2025-04-08T12:19:58.900520" elapsed="0.070048"/>
</kw>
<status status="PASS" start="2025-04-08T12:19:58.774943" elapsed="0.195710"/>
</kw>
<kw name="Click Add To Cart Button" owner="home_page">
<kw name="Click Button" owner="SeleniumLibrary">
<msg time="2025-04-08T12:19:58.971840" level="INFO">Clicking button 'name=add-to-cart-sauce-labs-backpack'.</msg>
<arg>${ADD_TO_CART_BUTTON}</arg>
<doc>Clicks the button identified by ``locator``.</doc>
<status status="PASS" start="2025-04-08T12:19:58.971556" elapsed="0.052237"/>
</kw>
<status status="PASS" start="2025-04-08T12:19:58.971086" elapsed="0.052974"/>
</kw>
<kw name="Click Cart Button" owner="home_page">
<kw name="Click Element" owner="SeleniumLibrary">
<msg time="2025-04-08T12:19:59.025613" level="INFO">Clicking element 'class=shopping_cart_link'.</msg>
<arg>${CART_LINK}</arg>
<doc>Click the element identified by ``locator``.</doc>
<status status="PASS" start="2025-04-08T12:19:59.025260" elapsed="0.038571"/>
</kw>
<status status="PASS" start="2025-04-08T12:19:59.024617" elapsed="0.039407"/>
</kw>
<kw name="Click Checkout Button" owner="cart_page">
<kw name="Click Button" owner="SeleniumLibrary">
<msg time="2025-04-08T12:19:59.064929" level="INFO">Clicking button 'name=checkout'.</msg>
<arg>${CHECKOUT_BUTTON}</arg>
<doc>Clicks the button identified by ``locator``.</doc>
<status status="PASS" start="2025-04-08T12:19:59.064726" elapsed="0.046141"/>
</kw>
<status status="PASS" start="2025-04-08T12:19:59.064420" elapsed="0.046636"/>
</kw>
<kw name="Input First Name Field" owner="checkout_info_page">
<kw name="Input Text" owner="SeleniumLibrary">
<msg time="2025-04-08T12:19:59.112035" level="INFO">Typing text 'Max' into text field 'id=first-name'.</msg>
<arg>${FIRST_NAME_FIELD}</arg>
<arg>${firstName}</arg>
<doc>Types the given ``text`` into the text field identified by ``locator``.</doc>
<status status="PASS" start="2025-04-08T12:19:59.111794" elapsed="0.047490"/>
</kw>
<arg>Max</arg>
<status status="PASS" start="2025-04-08T12:19:59.111447" elapsed="0.048045"/>
</kw>
<kw name="Input Last Name Field" owner="checkout_info_page">
<kw name="Input Text" owner="SeleniumLibrary">
<msg time="2025-04-08T12:19:59.160426" level="INFO">Typing text 'One' into text field 'id=last-name'.</msg>
<arg>${LAST_NAME_FIELD}</arg>
<arg>${lastName}</arg>
<doc>Types the given ``text`` into the text field identified by ``locator``.</doc>
<status status="PASS" start="2025-04-08T12:19:59.160215" elapsed="0.042637"/>
</kw>
<arg>One</arg>
<status status="PASS" start="2025-04-08T12:19:59.159897" elapsed="0.043164"/>
</kw>
<kw name="Input Zip Code Field" owner="checkout_info_page">
<kw name="Input Text" owner="SeleniumLibrary">
<msg time="2025-04-08T12:19:59.204253" level="INFO">Typing text '33000' into text field 'id=postal-code'.</msg>
<arg>${ZIP_CODE_FIELD}</arg>
<arg>${zipCode}</arg>
<doc>Types the given ``text`` into the text field identified by ``locator``.</doc>
<status status="PASS" start="2025-04-08T12:19:59.203983" elapsed="0.043286"/>
</kw>
<arg>33000</arg>
<status status="PASS" start="2025-04-08T12:19:59.203547" elapsed="0.043914"/>
</kw>
<kw name="Click Continue Button" owner="checkout_info_page">
<kw name="Click Button" owner="SeleniumLibrary">
<msg time="2025-04-08T12:19:59.248373" level="INFO">Clicking button 'id=continue'.</msg>
<arg>${CONTINUE_BUTTON}</arg>
<doc>Clicks the button identified by ``locator``.</doc>
<status status="PASS" start="2025-04-08T12:19:59.248178" elapsed="0.045722"/>
</kw>
<status status="PASS" start="2025-04-08T12:19:59.247878" elapsed="0.046228"/>
</kw>
<kw name="Click Finish Button" owner="checkout_overview_page">
<kw name="Click Button" owner="SeleniumLibrary">
<msg time="2025-04-08T12:19:59.295354" level="INFO">Clicking button 'id=finish'.</msg>
<arg>${FINISH_BUTTON}</arg>
<doc>Clicks the button identified by ``locator``.</doc>
<status status="PASS" start="2025-04-08T12:19:59.295144" elapsed="0.045071"/>
</kw>
<status status="PASS" start="2025-04-08T12:19:59.294808" elapsed="0.045593"/>
</kw>
<kw name="Page Should Contain" owner="SeleniumLibrary">
<msg time="2025-04-08T12:19:59.349379" level="INFO">Current page contains text 'Thank you for your order!'.</msg>
<arg>${CONFIRMATION_TEXT}</arg>
<doc>Verifies that current page contains ``text``.</doc>
<status status="PASS" start="2025-04-08T12:19:59.340801" elapsed="0.009061"/>
</kw>
<kw name="Quit Browser" owner="hooks" type="TEARDOWN">
<kw name="Close Browser" owner="SeleniumLibrary">
<doc>Closes the current browser.</doc>
<status status="PASS" start="2025-04-08T12:19:59.350641" elapsed="2.104715"/>
</kw>
<status status="PASS" start="2025-04-08T12:19:59.350347" elapsed="2.105370"/>
</kw>
<status status="PASS" start="2025-04-08T12:19:57.389222" elapsed="4.067252"/>
</test>
<status status="PASS" start="2025-04-08T12:19:57.199953" elapsed="4.258180"/>
</suite>
<statistics>
<total>
<stat pass="1" fail="0" skip="0">All Tests</stat>
</total>
<tag>
</tag>
<suite>
<stat name="Purchase Test" id="s1" pass="1" fail="0" skip="0">Purchase Test</stat>
</suite>
</statistics>
<errors>
</errors>
</robot>
