<?xml version="1.0" encoding="UTF-8"?>
<robot generator="Robot 7.2.2 (Python 3.13.2 on win32)" generated="2025-04-08T14:31:27.173083" rpa="false" schemaversion="5">
<suite id="s1" name="Tests" source="C:\Users\IB\Desktop\dev\automatisation\robot pom project\tests">
<suite id="s1-s1" name="Purchase Test" source="C:\Users\IB\Desktop\dev\automatisation\robot pom project\tests\purchase_test.robot">
<test id="s1-s1-t1" name="Add Product To Cart" line="17">
<kw name="Setup Browser" owner="hooks" type="SETUP">
<kw name="Open Browser" owner="SeleniumLibrary">
<msg time="2025-04-08T14:31:27.388852" level="INFO">Opening browser 'chrome' to base url 'https://www.saucedemo.com'.</msg>
<arg>${url}</arg>
<arg>${browser}</arg>
<doc>Opens a new browser instance to the optional ``url``.</doc>
<status status="PASS" start="2025-04-08T14:31:27.388559" elapsed="2.308240"/>
</kw>
<kw name="Maximize Browser Window" owner="SeleniumLibrary">
<doc>Maximizes current browser window.</doc>
<status status="PASS" start="2025-04-08T14:31:29.697205" elapsed="0.034576"/>
</kw>
<arg>https://www.saucedemo.com</arg>
<arg>chrome</arg>
<status status="PASS" start="2025-04-08T14:31:27.387886" elapsed="2.344036"/>
</kw>
<kw name="Connect" owner="login_page">
<kw name="Input Text Username Field" owner="login_page">
<kw name="Input Text" owner="SeleniumLibrary">
<msg time="2025-04-08T14:31:29.733102" level="INFO">Typing text 'standard_user' into text field 'name=user-name'.</msg>
<arg>${USERNAME_FIELD}</arg>
<arg>${username}</arg>
<doc>Types the given ``text`` into the text field identified by ``locator``.</doc>
<status status="PASS" start="2025-04-08T14:31:29.732776" elapsed="0.081721"/>
</kw>
<arg>standard_user</arg>
<status status="PASS" start="2025-04-08T14:31:29.732535" elapsed="0.082175"/>
</kw>
<kw name="Input Text Password Field" owner="login_page">
<kw name="Input Text" owner="SeleniumLibrary">
<msg time="2025-04-08T14:31:29.815979" level="INFO">Typing text 'secret_sauce' into text field 'name=password'.</msg>
<arg>${PASSWORD_FIELD}</arg>
<arg>${password}</arg>
<doc>Types the given ``text`` into the text field identified by ``locator``.</doc>
<status status="PASS" start="2025-04-08T14:31:29.815673" elapsed="0.057835"/>
</kw>
<arg>secret_sauce</arg>
<status status="PASS" start="2025-04-08T14:31:29.815098" elapsed="0.058535"/>
</kw>
<kw name="Click Login Button" owner="login_page">
<kw name="Click Button" owner="SeleniumLibrary">
<msg time="2025-04-08T14:31:29.874313" level="INFO">Clicking button 'name=login-button'.</msg>
<arg>${LOGIN_BUTTON}</arg>
<doc>Clicks the button identified by ``locator``.</doc>
<status status="PASS" start="2025-04-08T14:31:29.874106" elapsed="0.067644"/>
</kw>
<status status="PASS" start="2025-04-08T14:31:29.873787" elapsed="0.068072"/>
</kw>
<status status="PASS" start="2025-04-08T14:31:29.732130" elapsed="0.209779"/>
</kw>
<kw name="Click Add To Cart Button" owner="home_page">
<kw name="Click Button" owner="SeleniumLibrary">
<msg time="2025-04-08T14:31:29.942569" level="INFO">Clicking button 'name=add-to-cart-sauce-labs-backpack'.</msg>
<arg>${ADD_TO_CART_BUTTON}</arg>
<doc>Clicks the button identified by ``locator``.</doc>
<status status="PASS" start="2025-04-08T14:31:29.942362" elapsed="0.046616"/>
</kw>
<status status="PASS" start="2025-04-08T14:31:29.942063" elapsed="0.047027"/>
</kw>
<kw name="Click Cart Button" owner="home_page">
<kw name="Click Element" owner="SeleniumLibrary">
<msg time="2025-04-08T14:31:29.989787" level="INFO">Clicking element 'class=shopping_cart_link'.</msg>
<arg>${CART_LINK}</arg>
<doc>Click the element identified by ``locator``.</doc>
<status status="PASS" start="2025-04-08T14:31:29.989581" elapsed="0.037998"/>
</kw>
<status status="PASS" start="2025-04-08T14:31:29.989251" elapsed="0.038453"/>
</kw>
<kw name="Page Should Contain" owner="SeleniumLibrary">
<msg time="2025-04-08T14:31:30.037477" level="INFO">Current page contains text 'Sauce Labs Backpack'.</msg>
<arg>${CART_ITEM_TEXT}</arg>
<doc>Verifies that current page contains ``text``.</doc>
<status status="PASS" start="2025-04-08T14:31:30.027840" elapsed="0.009728"/>
</kw>
<kw name="Quit Browser" owner="hooks" type="TEARDOWN">
<kw name="Close Browser" owner="SeleniumLibrary">
<doc>Closes the current browser.</doc>
<status status="PASS" start="2025-04-08T14:31:30.038144" elapsed="2.110894"/>
</kw>
<status status="PASS" start="2025-04-08T14:31:30.037820" elapsed="2.111493"/>
</kw>
<status status="PASS" start="2025-04-08T14:31:27.387368" elapsed="4.762087"/>
</test>
<test id="s1-s1-t2" name="Purchase Product" line="23">
<kw name="Setup Browser" owner="hooks" type="SETUP">
<kw name="Open Browser" owner="SeleniumLibrary">
<msg time="2025-04-08T14:31:32.153495" level="INFO">Opening browser 'chrome' to base url 'https://www.saucedemo.com'.</msg>
<arg>${url}</arg>
<arg>${browser}</arg>
<doc>Opens a new browser instance to the optional ``url``.</doc>
<status status="PASS" start="2025-04-08T14:31:32.152877" elapsed="1.351183"/>
</kw>
<kw name="Maximize Browser Window" owner="SeleniumLibrary">
<doc>Maximizes current browser window.</doc>
<status status="PASS" start="2025-04-08T14:31:33.504248" elapsed="0.023299"/>
</kw>
<arg>https://www.saucedemo.com</arg>
<arg>chrome</arg>
<status status="PASS" start="2025-04-08T14:31:32.151932" elapsed="1.375742"/>
</kw>
<kw name="Connect" owner="login_page">
<kw name="Input Text Username Field" owner="login_page">
<kw name="Input Text" owner="SeleniumLibrary">
<msg time="2025-04-08T14:31:33.529478" level="INFO">Typing text 'standard_user' into text field 'name=user-name'.</msg>
<arg>${USERNAME_FIELD}</arg>
<arg>${username}</arg>
<doc>Types the given ``text`` into the text field identified by ``locator``.</doc>
<status status="PASS" start="2025-04-08T14:31:33.529181" elapsed="0.084962"/>
</kw>
<arg>standard_user</arg>
<status status="PASS" start="2025-04-08T14:31:33.528552" elapsed="0.085731"/>
</kw>
<kw name="Input Text Password Field" owner="login_page">
<kw name="Input Text" owner="SeleniumLibrary">
<msg time="2025-04-08T14:31:33.615137" level="INFO">Typing text 'secret_sauce' into text field 'name=password'.</msg>
<arg>${PASSWORD_FIELD}</arg>
<arg>${password}</arg>
<doc>Types the given ``text`` into the text field identified by ``locator``.</doc>
<status status="PASS" start="2025-04-08T14:31:33.614873" elapsed="0.050825"/>
</kw>
<arg>secret_sauce</arg>
<status status="PASS" start="2025-04-08T14:31:33.614482" elapsed="0.051336"/>
</kw>
<kw name="Click Login Button" owner="login_page">
<kw name="Click Button" owner="SeleniumLibrary">
<msg time="2025-04-08T14:31:33.666517" level="INFO">Clicking button 'name=login-button'.</msg>
<arg>${LOGIN_BUTTON}</arg>
<doc>Clicks the button identified by ``locator``.</doc>
<status status="PASS" start="2025-04-08T14:31:33.666306" elapsed="0.067997"/>
</kw>
<status status="PASS" start="2025-04-08T14:31:33.665984" elapsed="0.068428"/>
</kw>
<status status="PASS" start="2025-04-08T14:31:33.527897" elapsed="0.206563"/>
</kw>
<kw name="Click Add To Cart Button" owner="home_page">
<kw name="Click Button" owner="SeleniumLibrary">
<msg time="2025-04-08T14:31:33.735151" level="INFO">Clicking button 'name=add-to-cart-sauce-labs-backpack'.</msg>
<arg>${ADD_TO_CART_BUTTON}</arg>
<doc>Clicks the button identified by ``locator``.</doc>
<status status="PASS" start="2025-04-08T14:31:33.734899" elapsed="0.047347"/>
</kw>
<status status="PASS" start="2025-04-08T14:31:33.734612" elapsed="0.047749"/>
</kw>
<kw name="Click Cart Button" owner="home_page">
<kw name="Click Element" owner="SeleniumLibrary">
<msg time="2025-04-08T14:31:33.783048" level="INFO">Clicking element 'class=shopping_cart_link'.</msg>
<arg>${CART_LINK}</arg>
<doc>Click the element identified by ``locator``.</doc>
<status status="PASS" start="2025-04-08T14:31:33.782841" elapsed="0.037390"/>
</kw>
<status status="PASS" start="2025-04-08T14:31:33.782530" elapsed="0.037833"/>
</kw>
<kw name="Click Checkout Button" owner="cart_page">
<kw name="Click Button" owner="SeleniumLibrary">
<msg time="2025-04-08T14:31:33.821047" level="INFO">Clicking button 'name=checkout'.</msg>
<arg>${CHECKOUT_BUTTON}</arg>
<doc>Clicks the button identified by ``locator``.</doc>
<status status="PASS" start="2025-04-08T14:31:33.820844" elapsed="0.049967"/>
</kw>
<status status="PASS" start="2025-04-08T14:31:33.820521" elapsed="0.050404"/>
</kw>
<kw name="Input First Name Field" owner="checkout_info_page">
<kw name="Input Text" owner="SeleniumLibrary">
<msg time="2025-04-08T14:31:33.871641" level="INFO">Typing text 'Max' into text field 'id=first-name'.</msg>
<arg>${FIRST_NAME_FIELD}</arg>
<arg>${firstName}</arg>
<doc>Types the given ``text`` into the text field identified by ``locator``.</doc>
<status status="PASS" start="2025-04-08T14:31:33.871428" elapsed="0.047356"/>
</kw>
<arg>Max</arg>
<status status="PASS" start="2025-04-08T14:31:33.871088" elapsed="0.047809"/>
</kw>
<kw name="Input Last Name Field" owner="checkout_info_page">
<kw name="Input Text" owner="SeleniumLibrary">
<msg time="2025-04-08T14:31:33.919618" level="INFO">Typing text 'One' into text field 'id=last-name'.</msg>
<arg>${LAST_NAME_FIELD}</arg>
<arg>${lastName}</arg>
<doc>Types the given ``text`` into the text field identified by ``locator``.</doc>
<status status="PASS" start="2025-04-08T14:31:33.919407" elapsed="0.042092"/>
</kw>
<arg>One</arg>
<status status="PASS" start="2025-04-08T14:31:33.919066" elapsed="0.042548"/>
</kw>
<kw name="Input Zip Code Field" owner="checkout_info_page">
<kw name="Input Text" owner="SeleniumLibrary">
<msg time="2025-04-08T14:31:33.962341" level="INFO">Typing text '33000' into text field 'id=postal-code'.</msg>
<arg>${ZIP_CODE_FIELD}</arg>
<arg>${zipCode}</arg>
<doc>Types the given ``text`` into the text field identified by ``locator``.</doc>
<status status="PASS" start="2025-04-08T14:31:33.962127" elapsed="0.041646"/>
</kw>
<arg>33000</arg>
<status status="PASS" start="2025-04-08T14:31:33.961780" elapsed="0.042108"/>
</kw>
<kw name="Click Continue Button" owner="checkout_info_page">
<kw name="Click Button" owner="SeleniumLibrary">
<msg time="2025-04-08T14:31:34.004553" level="INFO">Clicking button 'id=continue'.</msg>
<arg>${CONTINUE_BUTTON}</arg>
<doc>Clicks the button identified by ``locator``.</doc>
<status status="PASS" start="2025-04-08T14:31:34.004345" elapsed="0.044382"/>
</kw>
<status status="PASS" start="2025-04-08T14:31:34.004044" elapsed="0.044793"/>
</kw>
<kw name="Click Finish Button" owner="checkout_overview_page">
<kw name="Click Button" owner="SeleniumLibrary">
<msg time="2025-04-08T14:31:34.049518" level="INFO">Clicking button 'id=finish'.</msg>
<arg>${FINISH_BUTTON}</arg>
<doc>Clicks the button identified by ``locator``.</doc>
<status status="PASS" start="2025-04-08T14:31:34.049309" elapsed="0.041252"/>
</kw>
<status status="PASS" start="2025-04-08T14:31:34.048989" elapsed="0.041676"/>
</kw>
<kw name="Page Should Contain" owner="SeleniumLibrary">
<msg time="2025-04-08T14:31:34.098775" level="INFO">Current page contains text 'Thank you for your order!'.</msg>
<arg>${CONFIRMATION_TEXT}</arg>
<doc>Verifies that current page contains ``text``.</doc>
<status status="PASS" start="2025-04-08T14:31:34.090816" elapsed="0.008045"/>
</kw>
<kw name="Quit Browser" owner="hooks" type="TEARDOWN">
<kw name="Close Browser" owner="SeleniumLibrary">
<doc>Closes the current browser.</doc>
<status status="PASS" start="2025-04-08T14:31:34.099401" elapsed="2.097744"/>
</kw>
<status status="PASS" start="2025-04-08T14:31:34.099096" elapsed="2.098163"/>
</kw>
<status status="PASS" start="2025-04-08T14:31:32.150283" elapsed="4.047023"/>
</test>
<status status="PASS" start="2025-04-08T14:31:27.196473" elapsed="9.001199"/>
</suite>
<status status="PASS" start="2025-04-08T14:31:27.187150" elapsed="9.010906"/>
</suite>
<statistics>
<total>
<stat pass="2" fail="0" skip="0">All Tests</stat>
</total>
<tag>
</tag>
<suite>
<stat name="Tests" id="s1" pass="2" fail="0" skip="0">Tests</stat>
<stat name="Purchase Test" id="s1-s1" pass="2" fail="0" skip="0">Tests.Purchase Test</stat>
</suite>
</statistics>
<errors>
</errors>
</robot>
